# JRE version: Java(TM) SE Runtime Environment (7.0_67-b01) (build 1.7.0_67-b01)
# Java VM: Java HotSpot(TM) 64-Bit Server VM (24.65-b04 mixed mode windows-amd64 compressed oops)
Heap
 PSYoungGen      total 212480K, used 189258K [0x00000007d5d00000, 0x00000007e6600000, 0x0000000800000000)
  eden space 198656K, 89% used [0x00000007d5d00000,0x00000007e09ea6e0,0x00000007e1f00000)
  from space 13824K, 88% used [0x00000007e3c00000,0x00000007e47e8320,0x00000007e4980000)
  to   space 29184K, 0% used [0x00000007e4980000,0x00000007e4980000,0x00000007e6600000)
 ParOldGen       total 86016K, used 85768K [0x0000000781800000, 0x0000000786c00000, 0x00000007d5d00000)
  object space 86016K, 99% used [0x0000000781800000,0x0000000786bc21a0,0x0000000786c00000)
 PSPermGen       total 21504K, used 3261K [0x000000077c600000, 0x000000077db00000, 0x0000000781800000)
  object space 21504K, 15% used [0x000000077c600000,0x000000077c92f5a0,0x000000077db00000)
GC Heap History (10 events):
Event: 5.531 GC heap before
{Heap before GC invocations=40 (full 0):
 PSYoungGen      total 90112K, used 90106K [0x00000007d5d00000, 0x00000007e5900000, 0x0000000800000000)
  eden space 87040K, 100% used [0x00000007d5d00000,0x00000007db200000,0x00000007db200000)
  from space 3072K, 99% used [0x00000007e5380000,0x00000007e567eb50,0x00000007e5680000)
  to   space 2560K, 0% used [0x00000007e5680000,0x00000007e5680000,0x00000007e5900000)
 ParOldGen       total 86016K, used 11396K [0x0000000781800000, 0x0000000786c00000, 0x00000007d5d00000)
  object space 86016K, 13% used [0x0000000781800000,0x00000007823210f8,0x0000000786c00000)
 PSPermGen       total 21504K, used 3219K [0x000000077c600000, 0x000000077db00000, 0x0000000781800000)
  object space 21504K, 14% used [0x000000077c600000,0x000000077c924f58,0x000000077db00000)
Event: 5.534 GC heap after
Heap after GC invocations=40 (full 0):
 PSYoungGen      total 111616K, used 2559K [0x00000007d5d00000, 0x00000007e5900000, 0x0000000800000000)
  eden space 109056K, 0% used [0x00000007d5d00000,0x00000007d5d00000,0x00000007dc780000)
  from space 2560K, 99% used [0x00000007e5680000,0x00000007e58ffcb0,0x00000007e5900000)
  to   space 7680K, 0% used [0x00000007e4a00000,0x00000007e4a00000,0x00000007e5180000)
 ParOldGen       total 86016K, used 18006K [0x0000000781800000, 0x0000000786c00000, 0x00000007d5d00000)
  object space 86016K, 20% used [0x0000000781800000,0x00000007829958b8,0x0000000786c00000)
 PSPermGen       total 21504K, used 3219K [0x000000077c600000, 0x000000077db00000, 0x0000000781800000)
  object space 21504K, 14% used [0x000000077c600000,0x000000077c924f58,0x000000077db00000)
}
Event: 5.713 GC heap before
{Heap before GC invocations=41 (full 0):
 PSYoungGen      total 111616K, used 111615K [0x00000007d5d00000, 0x00000007e5900000, 0x0000000800000000)
  eden space 109056K, 100% used [0x00000007d5d00000,0x00000007dc780000,0x00000007dc780000)
  from space 2560K, 99% used [0x00000007e5680000,0x00000007e58ffcb0,0x00000007e5900000)
  to   space 7680K, 0% used [0x00000007e4a00000,0x00000007e4a00000,0x00000007e5180000)
 ParOldGen       total 86016K, used 18006K [0x0000000781800000, 0x0000000786c00000, 0x00000007d5d00000)
  object space 86016K, 20% used [0x0000000781800000,0x00000007829958b8,0x0000000786c00000)
 PSPermGen       total 21504K, used 3223K [0x000000077c600000, 0x000000077db00000, 0x0000000781800000)
  object space 21504K, 14% used [0x000000077c600000,0x000000077c925e58,0x000000077db00000)
Event: 5.716 GC heap after
Heap after GC invocations=41 (full 0):
 PSYoungGen      total 140800K, used 7525K [0x00000007d5d00000, 0x00000007e5700000, 0x0000000800000000)
  eden space 133120K, 0% used [0x00000007d5d00000,0x00000007d5d00000,0x00000007ddf00000)
  from space 7680K, 97% used [0x00000007e4a00000,0x00000007e5159498,0x00000007e5180000)
  to   space 5632K, 0% used [0x00000007e5180000,0x00000007e5180000,0x00000007e5700000)
 ParOldGen       total 86016K, used 20467K [0x0000000781800000, 0x0000000786c00000, 0x00000007d5d00000)
  object space 86016K, 23% used [0x0000000781800000,0x0000000782bfce38,0x0000000786c00000)
 PSPermGen       total 21504K, used 3223K [0x000000077c600000, 0x000000077db00000, 0x0000000781800000)
  object space 21504K, 14% used [0x000000077c600000,0x000000077c925e58,0x000000077db00000)
}
Event: 5.949 GC heap before
{Heap before GC invocations=42 (full 0):
 PSYoungGen      total 140800K, used 140645K [0x00000007d5d00000, 0x00000007e5700000, 0x0000000800000000)
  eden space 133120K, 100% used [0x00000007d5d00000,0x00000007ddf00000,0x00000007ddf00000)
  from space 7680K, 97% used [0x00000007e4a00000,0x00000007e5159498,0x00000007e5180000)
  to   space 5632K, 0% used [0x00000007e5180000,0x00000007e5180000,0x00000007e5700000)
 ParOldGen       total 86016K, used 20467K [0x0000000781800000, 0x0000000786c00000, 0x00000007d5d00000)
  object space 86016K, 23% used [0x0000000781800000,0x0000000782bfce38,0x0000000786c00000)
 PSPermGen       total 21504K, used 3224K [0x000000077c600000, 0x000000077db00000, 0x0000000781800000)
  object space 21504K, 14% used [0x000000077c600000,0x000000077c926100,0x000000077db00000)
Event: 5.954 GC heap after
Heap after GC invocations=42 (full 0):
 PSYoungGen      total 168448K, used 5631K [0x00000007d5d00000, 0x00000007e5700000, 0x0000000800000000)
  eden space 162816K, 0% used [0x00000007d5d00000,0x00000007d5d00000,0x00000007dfc00000)
  from space 5632K, 99% used [0x00000007e5180000,0x00000007e56fff70,0x00000007e5700000)
  to   space 13824K, 0% used [0x00000007e3c00000,0x00000007e3c00000,0x00000007e4980000)
 ParOldGen       total 86016K, used 31602K [0x0000000781800000, 0x0000000786c00000, 0x00000007d5d00000)
  object space 86016K, 36% used [0x0000000781800000,0x00000007836dca18,0x0000000786c00000)
 PSPermGen       total 21504K, used 3224K [0x000000077c600000, 0x000000077db00000, 0x0000000781800000)
  object space 21504K, 14% used [0x000000077c600000,0x000000077c926100,0x000000077db00000)
}
Event: 6.159 GC heap before
{Heap before GC invocations=43 (full 0):
 PSYoungGen      total 168448K, used 168447K [0x00000007d5d00000, 0x00000007e5700000, 0x0000000800000000)
  eden space 162816K, 100% used [0x00000007d5d00000,0x00000007dfc00000,0x00000007dfc00000)
  from space 5632K, 99% used [0x00000007e5180000,0x00000007e56fff70,0x00000007e5700000)
  to   space 13824K, 0% used [0x00000007e3c00000,0x00000007e3c00000,0x00000007e4980000)
 ParOldGen       total 86016K, used 31602K [0x0000000781800000, 0x0000000786c00000, 0x00000007d5d00000)
  object space 86016K, 36% used [0x0000000781800000,0x00000007836dca18,0x0000000786c00000)
 PSPermGen       total 21504K, used 3224K [0x000000077c600000, 0x000000077db00000, 0x0000000781800000)
  object space 21504K, 14% used [0x000000077c600000,0x000000077c926100,0x000000077db00000)
Event: 6.210 GC heap after
Heap after GC invocations=43 (full 0):
 PSYoungGen      total 212480K, used 13821K [0x00000007d5d00000, 0x00000007e6600000, 0x0000000800000000)
  eden space 198656K, 0% used [0x00000007d5d00000,0x00000007d5d00000,0x00000007e1f00000)
  from space 13824K, 99% used [0x00000007e3c00000,0x00000007e497f470,0x00000007e4980000)
  to   space 29184K, 0% used [0x00000007e4980000,0x00000007e4980000,0x00000007e6600000)
 ParOldGen       total 86016K, used 85205K [0x0000000781800000, 0x0000000786c00000, 0x00000007d5d00000)
  object space 86016K, 99% used [0x0000000781800000,0x0000000786b35768,0x0000000786c00000)
 PSPermGen       total 21504K, used 3224K [0x000000077c600000, 0x000000077db00000, 0x0000000781800000)
  object space 21504K, 14% used [0x000000077c600000,0x000000077c926100,0x000000077db00000)
}
Event: 6.210 GC heap before
{Heap before GC invocations=44 (full 1):
 PSYoungGen      total 212480K, used 13821K [0x00000007d5d00000, 0x00000007e6600000, 0x0000000800000000)
  eden space 198656K, 0% used [0x00000007d5d00000,0x00000007d5d00000,0x00000007e1f00000)
  from space 13824K, 99% used [0x00000007e3c00000,0x00000007e497f470,0x00000007e4980000)
  to   space 29184K, 0% used [0x00000007e4980000,0x00000007e4980000,0x00000007e6600000)
 ParOldGen       total 86016K, used 85205K [0x0000000781800000, 0x0000000786c00000, 0x00000007d5d00000)
  object space 86016K, 99% used [0x0000000781800000,0x0000000786b35768,0x0000000786c00000)
 PSPermGen       total 21504K, used 3224K [0x000000077c600000, 0x000000077db00000, 0x0000000781800000)
  object space 21504K, 14% used [0x000000077c600000,0x000000077c926100,0x000000077db00000)
Event: 6.706 GC heap after
Heap after GC invocations=44 (full 1):
 PSYoungGen      total 212480K, used 12192K [0x00000007d5d00000, 0x00000007e6600000, 0x0000000800000000)
  eden space 198656K, 0% used [0x00000007d5d00000,0x00000007d5d00000,0x00000007e1f00000)
  from space 13824K, 88% used [0x00000007e3c00000,0x00000007e47e8320,0x00000007e4980000)
  to   space 29184K, 0% used [0x00000007e4980000,0x00000007e4980000,0x00000007e6600000)
 ParOldGen       total 86016K, used 85768K [0x0000000781800000, 0x0000000786c00000, 0x00000007d5d00000)
  object space 86016K, 99% used [0x0000000781800000,0x0000000786bc21a0,0x0000000786c00000)
 PSPermGen       total 21504K, used 3222K [0x000000077c600000, 0x000000077db00000, 0x0000000781800000)
  object space 21504K, 14% used [0x000000077c600000,0x000000077c925b50,0x000000077db00000)
}

