# JRE version: Java(TM) SE Runtime Environment (7.0_67-b01) (build 1.7.0_67-b01)
# Java VM: Java HotSpot(TM) 64-Bit Server VM (24.65-b04 mixed mode windows-amd64 compressed oops)
Heap
 PSYoungGen      total 316416K, used 250684K [0x00000007d5d00000, 0x00000007f1180000, 0x0000000800000000)
  eden space 227328K, 80% used [0x00000007d5d00000,0x00000007e0f70010,0x00000007e3b00000)
  from space 89088K, 76% used [0x00000007e9f80000,0x00000007ee1df200,0x00000007ef680000)
  to   space 102912K, 0% used [0x00000007e3b00000,0x00000007e3b00000,0x00000007e9f80000)
 ParOldGen       total 391680K, used 391367K [0x0000000781800000, 0x0000000799680000, 0x00000007d5d00000)
  object space 391680K, 99% used [0x0000000781800000,0x0000000799631c08,0x0000000799680000)
 PSPermGen       total 21504K, used 3303K [0x000000077c600000, 0x000000077db00000, 0x0000000781800000)
  object space 21504K, 15% used [0x000000077c600000,0x000000077c939d70,0x000000077db00000)
GC Heap History (10 events):
Event: 41.895 GC heap before
{Heap before GC invocations=56 (full 2):
 PSYoungGen      total 315904K, used 302919K [0x00000007d5d00000, 0x00000007ef680000, 0x0000000800000000)
  eden space 236544K, 100% used [0x00000007d5d00000,0x00000007e4400000,0x00000007e4400000)
  from space 79360K, 83% used [0x00000007e4400000,0x00000007e84d1f60,0x00000007e9180000)
  to   space 89088K, 0% used [0x00000007e9f80000,0x00000007e9f80000,0x00000007ef680000)
 ParOldGen       total 391680K, used 233883K [0x0000000781800000, 0x0000000799680000, 0x00000007d5d00000)
  object space 391680K, 59% used [0x0000000781800000,0x000000078fc66c60,0x0000000799680000)
 PSPermGen       total 21504K, used 3301K [0x000000077c600000, 0x000000077db00000, 0x0000000781800000)
  object space 21504K, 15% used [0x000000077c600000,0x000000077c939630,0x000000077db00000)
Event: 41.916 GC heap after
Heap after GC invocations=56 (full 2):
 PSYoungGen      total 316416K, used 82666K [0x00000007d5d00000, 0x00000007f1180000, 0x0000000800000000)
  eden space 227328K, 0% used [0x00000007d5d00000,0x00000007d5d00000,0x00000007e3b00000)
  from space 89088K, 92% used [0x00000007e9f80000,0x00000007ef03aa58,0x00000007ef680000)
  to   space 102912K, 0% used [0x00000007e3b00000,0x00000007e3b00000,0x00000007e9f80000)
 ParOldGen       total 391680K, used 233883K [0x0000000781800000, 0x0000000799680000, 0x00000007d5d00000)
  object space 391680K, 59% used [0x0000000781800000,0x000000078fc66c60,0x0000000799680000)
 PSPermGen       total 21504K, used 3301K [0x000000077c600000, 0x000000077db00000, 0x0000000781800000)
  object space 21504K, 15% used [0x000000077c600000,0x000000077c939630,0x000000077db00000)
}
Event: 42.106 GC heap before
{Heap before GC invocations=57 (full 2):
 PSYoungGen      total 316416K, used 309994K [0x00000007d5d00000, 0x00000007f1180000, 0x0000000800000000)
  eden space 227328K, 100% used [0x00000007d5d00000,0x00000007e3b00000,0x00000007e3b00000)
  from space 89088K, 92% used [0x00000007e9f80000,0x00000007ef03aa58,0x00000007ef680000)
  to   space 102912K, 0% used [0x00000007e3b00000,0x00000007e3b00000,0x00000007e9f80000)
 ParOldGen       total 391680K, used 233883K [0x0000000781800000, 0x0000000799680000, 0x00000007d5d00000)
  object space 391680K, 59% used [0x0000000781800000,0x000000078fc66c60,0x0000000799680000)
 PSPermGen       total 21504K, used 3301K [0x000000077c600000, 0x000000077db00000, 0x0000000781800000)
  object space 21504K, 15% used [0x000000077c600000,0x000000077c939630,0x000000077db00000)
Event: 42.264 GC heap after
Heap after GC invocations=57 (full 2):
 PSYoungGen      total 330240K, used 102899K [0x00000007d5d00000, 0x00000007f1180000, 0x0000000800000000)
  eden space 227328K, 0% used [0x00000007d5d00000,0x00000007d5d00000,0x00000007e3b00000)
  from space 102912K, 99% used [0x00000007e3b00000,0x00000007e9f7ce78,0x00000007e9f80000)
  to   space 89088K, 0% used [0x00000007e9f80000,0x00000007e9f80000,0x00000007ef680000)
 ParOldGen       total 391680K, used 366039K [0x0000000781800000, 0x0000000799680000, 0x00000007d5d00000)
  object space 391680K, 93% used [0x0000000781800000,0x0000000797d75e98,0x0000000799680000)
 PSPermGen       total 21504K, used 3301K [0x000000077c600000, 0x000000077db00000, 0x0000000781800000)
  object space 21504K, 15% used [0x000000077c600000,0x000000077c939630,0x000000077db00000)
}
Event: 42.264 GC heap before
{Heap before GC invocations=58 (full 3):
 PSYoungGen      total 330240K, used 102899K [0x00000007d5d00000, 0x00000007f1180000, 0x0000000800000000)
  eden space 227328K, 0% used [0x00000007d5d00000,0x00000007d5d00000,0x00000007e3b00000)
  from space 102912K, 99% used [0x00000007e3b00000,0x00000007e9f7ce78,0x00000007e9f80000)
  to   space 89088K, 0% used [0x00000007e9f80000,0x00000007e9f80000,0x00000007ef680000)
 ParOldGen       total 391680K, used 366039K [0x0000000781800000, 0x0000000799680000, 0x00000007d5d00000)
  object space 391680K, 93% used [0x0000000781800000,0x0000000797d75e98,0x0000000799680000)
 PSPermGen       total 21504K, used 3301K [0x000000077c600000, 0x000000077db00000, 0x0000000781800000)
  object space 21504K, 15% used [0x000000077c600000,0x000000077c939630,0x000000077db00000)
Event: 42.991 GC heap after
Heap after GC invocations=58 (full 3):
 PSYoungGen      total 330240K, used 0K [0x00000007d5d00000, 0x00000007f1180000, 0x0000000800000000)
  eden space 227328K, 0% used [0x00000007d5d00000,0x00000007d5d00000,0x00000007e3b00000)
  from space 102912K, 0% used [0x00000007e3b00000,0x00000007e3b00000,0x00000007e9f80000)
  to   space 89088K, 0% used [0x00000007e9f80000,0x00000007e9f80000,0x00000007ef680000)
 ParOldGen       total 391680K, used 276722K [0x0000000781800000, 0x0000000799680000, 0x00000007d5d00000)
  object space 391680K, 70% used [0x0000000781800000,0x000000079263cbd8,0x0000000799680000)
 PSPermGen       total 21504K, used 3301K [0x000000077c600000, 0x000000077db00000, 0x0000000781800000)
  object space 21504K, 15% used [0x000000077c600000,0x000000077c939630,0x000000077db00000)
}
Event: 43.132 GC heap before
{Heap before GC invocations=59 (full 3):
 PSYoungGen      total 330240K, used 227328K [0x00000007d5d00000, 0x00000007f1180000, 0x0000000800000000)
  eden space 227328K, 100% used [0x00000007d5d00000,0x00000007e3b00000,0x00000007e3b00000)
  from space 102912K, 0% used [0x00000007e3b00000,0x00000007e3b00000,0x00000007e9f80000)
  to   space 89088K, 0% used [0x00000007e9f80000,0x00000007e9f80000,0x00000007ef680000)
 ParOldGen       total 391680K, used 276722K [0x0000000781800000, 0x0000000799680000, 0x00000007d5d00000)
  object space 391680K, 70% used [0x0000000781800000,0x000000079263cbd8,0x0000000799680000)
 PSPermGen       total 21504K, used 3303K [0x000000077c600000, 0x000000077db00000, 0x0000000781800000)
  object space 21504K, 15% used [0x000000077c600000,0x000000077c939d70,0x000000077db00000)
Event: 43.273 GC heap after
Heap after GC invocations=59 (full 3):
 PSYoungGen      total 316416K, used 89070K [0x00000007d5d00000, 0x00000007f1180000, 0x0000000800000000)
  eden space 227328K, 0% used [0x00000007d5d00000,0x00000007d5d00000,0x00000007e3b00000)
  from space 89088K, 99% used [0x00000007e9f80000,0x00000007ef67b948,0x00000007ef680000)
  to   space 102912K, 0% used [0x00000007e3b00000,0x00000007e3b00000,0x00000007e9f80000)
 ParOldGen       total 391680K, used 371448K [0x0000000781800000, 0x0000000799680000, 0x00000007d5d00000)
  object space 391680K, 94% used [0x0000000781800000,0x00000007982be1b0,0x0000000799680000)
 PSPermGen       total 21504K, used 3303K [0x000000077c600000, 0x000000077db00000, 0x0000000781800000)
  object space 21504K, 15% used [0x000000077c600000,0x000000077c939d70,0x000000077db00000)
}
Event: 43.273 GC heap before
{Heap before GC invocations=60 (full 4):
 PSYoungGen      total 316416K, used 89070K [0x00000007d5d00000, 0x00000007f1180000, 0x0000000800000000)
  eden space 227328K, 0% used [0x00000007d5d00000,0x00000007d5d00000,0x00000007e3b00000)
  from space 89088K, 99% used [0x00000007e9f80000,0x00000007ef67b948,0x00000007ef680000)
  to   space 102912K, 0% used [0x00000007e3b00000,0x00000007e3b00000,0x00000007e9f80000)
 ParOldGen       total 391680K, used 371448K [0x0000000781800000, 0x0000000799680000, 0x00000007d5d00000)
  object space 391680K, 94% used [0x0000000781800000,0x00000007982be1b0,0x0000000799680000)
 PSPermGen       total 21504K, used 3303K [0x000000077c600000, 0x000000077db00000, 0x0000000781800000)
  object space 21504K, 15% used [0x000000077c600000,0x000000077c939d70,0x000000077db00000)
Event: 44.842 GC heap after
Heap after GC invocations=60 (full 4):
 PSYoungGen      total 316416K, used 67964K [0x00000007d5d00000, 0x00000007f1180000, 0x0000000800000000)
  eden space 227328K, 0% used [0x00000007d5d00000,0x00000007d5d00000,0x00000007e3b00000)
  from space 89088K, 76% used [0x00000007e9f80000,0x00000007ee1df200,0x00000007ef680000)
  to   space 102912K, 0% used [0x00000007e3b00000,0x00000007e3b00000,0x00000007e9f80000)
 ParOldGen       total 391680K, used 391367K [0x0000000781800000, 0x0000000799680000, 0x00000007d5d00000)
  object space 391680K, 99% used [0x0000000781800000,0x0000000799631c08,0x0000000799680000)
 PSPermGen       total 21504K, used 3303K [0x000000077c600000, 0x000000077db00000, 0x0000000781800000)
  object space 21504K, 15% used [0x000000077c600000,0x000000077c939d70,0x000000077db00000)
}

